<?xml version="1.0" encoding="UTF-8"?>
<testsuite xmlns:xsi="http://www.w3.org/2001/XMLSchema-instance" xsi:noNamespaceSchemaLocation="https://maven.apache.org/surefire/maven-surefire-plugin/xsd/surefire-test-report.xsd" version="3.0.2" name="ru.itq.document.service.ApproveRollbackOnRegistryErrorTest" time="3.119" tests="1" errors="0" skipped="0" failures="0">
  <properties>
[...]
</properties>
  <testcase name="approve_should_rollback_when_registry_insert_fails" classname="ru.itq.document.service.ApproveRollbackOnRegistryErrorTest" time="0.15">
    <system-out><![CDATA[2026-02-07T13:22:56.198+03:00  INFO 25108 --- [document-service] [           main] t.c.s.AnnotationConfigContextLoaderUtils : Could not detect default configuration classes for test class [ru.itq.document.service.ApproveRollbackOnRegistryErrorTest]: ApproveRollbackOnRegistryErrorTest does not declare any static, non-private, non-final, nested classes annotated with @Configuration.
2026-02-07T13:22:56.199+03:00  INFO 25108 --- [document-service] [           main] .b.t.c.SpringBootTestContextBootstrapper : Found @SpringBootConfiguration ru.itq.document.DocumentServiceApplication for test class ru.itq.document.service.ApproveRollbackOnRegistryErrorTest
2026-02-07T13:22:56.201+03:00  INFO 25108 --- [document-service] [           main] tc.postgres:17                           : Creating container for image: postgres:17
2026-02-07T13:22:56.269+03:00  INFO 25108 --- [document-service] [           main] tc.postgres:17                           : Container postgres:17 is starting: fb45ac9fce3fba28382b17767584db9ef65cbbc17c1f25b3ae05ba94969fcfea
2026-02-07T13:22:57.340+03:00  WARN 25108 --- [document-service] [   scheduling-1] com.zaxxer.hikari.pool.PoolBase          : HikariPool-1 - Failed to validate connection org.postgresql.jdbc.PgConnection@5c07f3af (Соединение уже было закрыто). Possibly consider using a shorter maxLifetime value.
2026-02-07T13:22:57.341+03:00  WARN 25108 --- [document-service] [   scheduling-1] com.zaxxer.hikari.pool.PoolBase          : HikariPool-1 - Failed to validate connection org.postgresql.jdbc.PgConnection@fd4459b (Соединение уже было закрыто). Possibly consider using a shorter maxLifetime value.
2026-02-07T13:22:57.342+03:00  WARN 25108 --- [document-service] [   scheduling-1] com.zaxxer.hikari.pool.PoolBase          : HikariPool-1 - Failed to validate connection org.postgresql.jdbc.PgConnection@4c0b61ea (Соединение уже было закрыто). Possibly consider using a shorter maxLifetime value.
2026-02-07T13:22:57.342+03:00  WARN 25108 --- [document-service] [   scheduling-1] com.zaxxer.hikari.pool.PoolBase          : HikariPool-1 - Failed to validate connection org.postgresql.jdbc.PgConnection@2f72794f (Соединение уже было закрыто). Possibly consider using a shorter maxLifetime value.
2026-02-07T13:22:57.343+03:00  WARN 25108 --- [document-service] [   scheduling-1] com.zaxxer.hikari.pool.PoolBase          : HikariPool-1 - Failed to validate connection org.postgresql.jdbc.PgConnection@4c7a0972 (Соединение уже было закрыто). Possibly consider using a shorter maxLifetime value.
2026-02-07T13:22:57.343+03:00  WARN 25108 --- [document-service] [   scheduling-1] com.zaxxer.hikari.pool.PoolBase          : HikariPool-1 - Failed to validate connection org.postgresql.jdbc.PgConnection@2c001821 (Соединение уже было закрыто). Possibly consider using a shorter maxLifetime value.
2026-02-07T13:22:57.343+03:00  WARN 25108 --- [document-service] [   scheduling-1] com.zaxxer.hikari.pool.PoolBase          : HikariPool-1 - Failed to validate connection org.postgresql.jdbc.PgConnection@3b13387a (Соединение уже было закрыто). Possibly consider using a shorter maxLifetime value.
2026-02-07T13:22:57.344+03:00  WARN 25108 --- [document-service] [   scheduling-1] com.zaxxer.hikari.pool.PoolBase          : HikariPool-1 - Failed to validate connection org.postgresql.jdbc.PgConnection@7979656 (Соединение уже было закрыто). Possibly consider using a shorter maxLifetime value.
2026-02-07T13:22:57.344+03:00  WARN 25108 --- [document-service] [   scheduling-1] com.zaxxer.hikari.pool.PoolBase          : HikariPool-1 - Failed to validate connection org.postgresql.jdbc.PgConnection@1bba2e4f (Соединение уже было закрыто). Possibly consider using a shorter maxLifetime value.
2026-02-07T13:22:57.345+03:00  WARN 25108 --- [document-service] [   scheduling-1] com.zaxxer.hikari.pool.PoolBase          : HikariPool-1 - Failed to validate connection org.postgresql.jdbc.PgConnection@37d7ec09 (Соединение уже было закрыто). Possibly consider using a shorter maxLifetime value.
2026-02-07T13:22:58.283+03:00  INFO 25108 --- [document-service] [           main] tc.postgres:17                           : Container postgres:17 started in PT2.0824549S
2026-02-07T13:22:58.284+03:00  INFO 25108 --- [document-service] [           main] tc.postgres:17                           : Container is started (JDBC URL: jdbc:postgresql://localhost:50818/testdb?loggerLevel=OFF)

  .   ____          _            __ _ _
 /\\ / ___'_ __ _ _(_)_ __  __ _ \ \ \ \
( ( )\___ | '_ | '_| | '_ \/ _` | \ \ \ \
 \\/  ___)| |_)| | | | | || (_| |  ) ) ) )
  '  |____| .__|_| |_|_| |_\__, | / / / /
 =========|_|==============|___/=/_/_/_/

 :: Spring Boot ::                (v3.5.8)

2026-02-07T13:22:58.297+03:00  INFO 25108 --- [document-service] [           main] i.d.s.ApproveRollbackOnRegistryErrorTest : Starting ApproveRollbackOnRegistryErrorTest using Java 17.0.11 with PID 25108 (started by rexar.ika in D:\JAVA\MyJava\ForInterview\doc-service)
2026-02-07T13:22:58.297+03:00  INFO 25108 --- [document-service] [           main] i.d.s.ApproveRollbackOnRegistryErrorTest : The following 1 profile is active: "test"
2026-02-07T13:22:58.390+03:00  INFO 25108 --- [document-service] [           main] .s.d.r.c.RepositoryConfigurationDelegate : Bootstrapping Spring Data JPA repositories in DEFAULT mode.
2026-02-07T13:22:58.407+03:00  INFO 25108 --- [document-service] [           main] .s.d.r.c.RepositoryConfigurationDelegate : Finished Spring Data repository scanning in 16 ms. Found 5 JPA repository interfaces.
2026-02-07T13:22:58.446+03:00  INFO 25108 --- [document-service] [           main] com.zaxxer.hikari.HikariDataSource       : HikariPool-3 - Starting...
2026-02-07T13:22:58.460+03:00  INFO 25108 --- [document-service] [           main] com.zaxxer.hikari.pool.HikariPool        : HikariPool-3 - Added connection org.postgresql.jdbc.PgConnection@6a67e945
2026-02-07T13:22:58.461+03:00  INFO 25108 --- [document-service] [           main] com.zaxxer.hikari.HikariDataSource       : HikariPool-3 - Start completed.
2026-02-07T13:22:58.468+03:00  INFO 25108 --- [document-service] [           main] liquibase.database                       : Set default schema name to public
2026-02-07T13:22:58.481+03:00  INFO 25108 --- [document-service] [           main] liquibase.changelog                      : Creating database history table with name: public.databasechangelog
2026-02-07T13:22:58.486+03:00  INFO 25108 --- [document-service] [           main] liquibase.changelog                      : Reading from public.databasechangelog
2026-02-07T13:22:58.497+03:00  INFO 25108 --- [document-service] [           main] liquibase.snapshot                       : Creating snapshot
2026-02-07T13:22:58.520+03:00  INFO 25108 --- [document-service] [           main] liquibase.lockservice                    : Successfully acquired change log lock
2026-02-07T13:22:58.521+03:00  INFO 25108 --- [document-service] [           main] liquibase.command                        : Using deploymentId: 0459768044
2026-02-07T13:22:58.522+03:00  INFO 25108 --- [document-service] [           main] liquibase.changelog                      : Reading from public.databasechangelog
2026-02-07T13:22:58.527+03:00  INFO 25108 --- [document-service] [           main] liquibase.ui                             : Running Changeset: db/changelog/001-create-tables.yaml::001-create-tables::itq
2026-02-07T13:22:58.531+03:00  INFO 25108 --- [document-service] [           main] liquibase.changelog                      : Table document_status created
2026-02-07T13:22:58.533+03:00  INFO 25108 --- [document-service] [           main] liquibase.changelog                      : Table document_action created
2026-02-07T13:22:58.536+03:00  INFO 25108 --- [document-service] [           main] liquibase.changelog                      : Table document created
2026-02-07T13:22:58.538+03:00  INFO 25108 --- [document-service] [           main] liquibase.changelog                      : Foreign key constraint added to document (status_id)
2026-02-07T13:22:58.540+03:00  INFO 25108 --- [document-service] [           main] liquibase.changelog                      : Table document_history created
2026-02-07T13:22:58.541+03:00  INFO 25108 --- [document-service] [           main] liquibase.changelog                      : Foreign key constraint added to document_history (document_id)
2026-02-07T13:22:58.542+03:00  INFO 25108 --- [document-service] [           main] liquibase.changelog                      : Foreign key constraint added to document_history (action_id)
2026-02-07T13:22:58.545+03:00  INFO 25108 --- [document-service] [           main] liquibase.changelog                      : Table approval_registry created
2026-02-07T13:22:58.546+03:00  INFO 25108 --- [document-service] [           main] liquibase.changelog                      : Foreign key constraint added to approval_registry (document_id)
2026-02-07T13:22:58.547+03:00  INFO 25108 --- [document-service] [           main] liquibase.changelog                      : ChangeSet db/changelog/001-create-tables.yaml::001-create-tables::itq ran successfully in 20ms
2026-02-07T13:22:58.551+03:00  INFO 25108 --- [document-service] [           main] liquibase.ui                             : Running Changeset: db/changelog/002-init-dictionaries.yaml::002-init-dictionaries::itq
2026-02-07T13:22:58.553+03:00  INFO 25108 --- [document-service] [           main] liquibase.changelog                      : New row inserted into document_status
2026-02-07T13:22:58.554+03:00  INFO 25108 --- [document-service] [           main] liquibase.changelog                      : New row inserted into document_status
2026-02-07T13:22:58.555+03:00  INFO 25108 --- [document-service] [           main] liquibase.changelog                      : New row inserted into document_status
2026-02-07T13:22:58.557+03:00  INFO 25108 --- [document-service] [           main] liquibase.changelog                      : New row inserted into document_action
2026-02-07T13:22:58.558+03:00  INFO 25108 --- [document-service] [           main] liquibase.changelog                      : New row inserted into document_action
2026-02-07T13:22:58.558+03:00  INFO 25108 --- [document-service] [           main] liquibase.changelog                      : ChangeSet db/changelog/002-init-dictionaries.yaml::002-init-dictionaries::itq ran successfully in 7ms
2026-02-07T13:22:58.560+03:00  INFO 25108 --- [document-service] [           main] liquibase.util                           : UPDATE SUMMARY
2026-02-07T13:22:58.560+03:00  INFO 25108 --- [document-service] [           main] liquibase.util                           : Run:                          2
2026-02-07T13:22:58.560+03:00  INFO 25108 --- [document-service] [           main] liquibase.util                           : Previously run:               0
2026-02-07T13:22:58.560+03:00  INFO 25108 --- [document-service] [           main] liquibase.util                           : Filtered out:                 0
2026-02-07T13:22:58.560+03:00  INFO 25108 --- [document-service] [           main] liquibase.util                           : -------------------------------
2026-02-07T13:22:58.560+03:00  INFO 25108 --- [document-service] [           main] liquibase.util                           : Total change sets:            2
2026-02-07T13:22:58.560+03:00  INFO 25108 --- [document-service] [           main] liquibase.util                           : Update summary generated
2026-02-07T13:22:58.560+03:00  INFO 25108 --- [document-service] [           main] liquibase.command                        : Update command completed successfully.
2026-02-07T13:22:58.560+03:00  INFO 25108 --- [document-service] [           main] liquibase.ui                             : Liquibase: Update has been successful. Rows affected: 7
2026-02-07T13:22:58.563+03:00  INFO 25108 --- [document-service] [           main] liquibase.lockservice                    : Successfully released change log lock
2026-02-07T13:22:58.564+03:00  INFO 25108 --- [document-service] [           main] liquibase.command                        : Command execution complete
2026-02-07T13:22:58.578+03:00  INFO 25108 --- [document-service] [           main] o.hibernate.jpa.internal.util.LogHelper  : HHH000204: Processing PersistenceUnitInfo [name: default]
2026-02-07T13:22:58.580+03:00  INFO 25108 --- [document-service] [           main] o.h.c.internal.RegionFactoryInitiator    : HHH000026: Second-level cache disabled
2026-02-07T13:22:58.586+03:00  INFO 25108 --- [document-service] [           main] o.s.o.j.p.SpringPersistenceUnitInfo      : No LoadTimeWeaver setup: ignoring JPA class transformer
2026-02-07T13:22:58.590+03:00  INFO 25108 --- [document-service] [           main] org.hibernate.orm.connections.pooling    : HHH10001005: Database info:
	Database JDBC URL [Connecting through datasource 'HikariDataSource (HikariPool-3)']
	Database driver: undefined/unknown
	Database version: 17.7
	Autocommit mode: undefined/unknown
	Isolation level: undefined/unknown
	Minimum pool size: undefined/unknown
	Maximum pool size: undefined/unknown
2026-02-07T13:22:58.632+03:00  INFO 25108 --- [document-service] [           main] o.h.e.t.j.p.i.JtaPlatformInitiator       : HHH000489: No JTA platform available (set 'hibernate.transaction.jta.platform' to enable JTA platform integration)
2026-02-07T13:22:58.641+03:00  INFO 25108 --- [document-service] [           main] j.LocalContainerEntityManagerFactoryBean : Initialized JPA EntityManagerFactory for persistence unit 'default'
2026-02-07T13:22:58.766+03:00  INFO 25108 --- [document-service] [           main] i.d.s.ApproveRollbackOnRegistryErrorTest : Started ApproveRollbackOnRegistryErrorTest in 0.481 seconds (process running for 16.135)
2026-02-07T13:22:58.865+03:00  WARN 25108 --- [document-service] [           main] o.h.engine.jdbc.spi.SqlExceptionHelper   : SQL Error: 0, SQLState: 23505
2026-02-07T13:22:58.865+03:00 ERROR 25108 --- [document-service] [           main] o.h.engine.jdbc.spi.SqlExceptionHelper   : ERROR: duplicate key value violates unique constraint "approval_registry_document_id_key"
  Подробности: Key (document_id)=(1) already exists.
]]></system-out>
  </testcase>
</testsuite>